<?xml version="1.0" encoding="UTF-8"?>
<!-- Generated by org.testng.reporters.JUnitReportReporter -->
<testsuite hostname="TheCoder" failures="0" tests="3" name="com.bmc.qa.testcases.HomePageTest" time="44.285" errors="0" timestamp="2021-01-30T20:46:47 BDT" skipped="0">
  <testcase classname="com.bmc.qa.testcases.HomePageTest" name="validateCurrnetUserTest" time="26.322"/>
  <system-out/>
  <testcase classname="com.bmc.qa.testcases.HomePageTest" name="clickLogoutBtnTest" time="11.131"/>
  <system-out/>
  <testcase classname="com.bmc.qa.testcases.HomePageTest" name="alreadyLoggedInTest" time="6.832"/>
  <system-out/>
</testsuite> <!-- com.bmc.qa.testcases.HomePageTest -->
