<?xml version="1.0" encoding="UTF-8"?>
<!-- Generated by org.testng.reporters.JUnitReportReporter -->
<testsuite hostname="TheCoder" failures="0" tests="3" name="com.bmc.qa.testcases.LoginPageTest" time="33.250" errors="0" timestamp="2021-01-30T21:32:05 BDT" skipped="0">
  <testcase classname="com.bmc.qa.testcases.LoginPageTest" name="loginPageTitleTest" time="4.552"/>
  <system-out/>
  <testcase classname="com.bmc.qa.testcases.LoginPageTest" name="isItHomeTextAvailableTest" time="5.378"/>
  <system-out/>
  <testcase classname="com.bmc.qa.testcases.LoginPageTest" name="loginTest" time="23.320"/>
  <system-out/>
</testsuite> <!-- com.bmc.qa.testcases.LoginPageTest -->
