<?xml version="1.0" encoding="UTF-8"?>
<!-- Generated by org.testng.reporters.JUnitReportReporter -->
<testsuite hostname="TheCoder" failures="0" tests="3" name="com.bmc.qa.testcases.LoginPageTest" time="14.931" errors="0" timestamp="2021-01-30T12:32:17 BDT" skipped="0">
  <testcase classname="com.bmc.qa.testcases.LoginPageTest" name="loginPageTitleTest" time="4.274"/>
  <system-out/>
  <testcase classname="com.bmc.qa.testcases.LoginPageTest" name="isItHomeTextAvailableTest" time="6.726"/>
  <system-out/>
  <testcase classname="com.bmc.qa.testcases.LoginPageTest" name="loginTest" time="3.931"/>
  <system-out/>
</testsuite> <!-- com.bmc.qa.testcases.LoginPageTest -->
