<?xml version="1.0" encoding="UTF-8"?>
<!-- Generated by org.testng.reporters.JUnitReportReporter -->
<testsuite hostname="TheCoder" failures="0" tests="3" name="com.bmc.qa.testcases.LoginPageTest" time="14.955" errors="0" timestamp="2021-01-30T01:03:39 BDT" skipped="0">
  <testcase classname="com.bmc.qa.testcases.LoginPageTest" name="loginPageTitleTest" time="3.975"/>
  <system-out/>
  <testcase classname="com.bmc.qa.testcases.LoginPageTest" name="isItHomeTextAvailableTest" time="6.758"/>
  <system-out/>
  <testcase classname="com.bmc.qa.testcases.LoginPageTest" name="loginTest" time="4.222"/>
  <system-out/>
</testsuite> <!-- com.bmc.qa.testcases.LoginPageTest -->
